<?xml version='1.0' ?>
<!--
This is configuration file for Photovault image organizing application
-->
<photovault-config version="0.6.0">
  <!-- Installation specific properties -->
  <databases>
    <database name="pv_junit" instanceType="TYPE_EMBEDDED" instanceDir="/tmp/pv_junit_derby_instance27098">
      <volume-mounts>
      </volume-mounts>
      <volumes>
        <volume name="defaultVolume" basedir="/tmp/pv_conversion_testvol27109"/>        <external-volume name="extvol_photos" basedir="/tmp/pv_conversion_extvol27110" folder="4"/>      </volumes>
    </database>
    <database name="testing" instanceType="TYPE_EMBEDDED" instanceDir="/tmp/photovault_test_volume27117">
      <volume-mounts>
        <mountpoint dir="/tmp/testing"/>
      </volume-mounts>
      <volumes>
        <volume name="legacyTest1" basedir="testdir/legacyvolume1"/>        <external-volume name="legacyTest2" basedir="testdir/legacyvolume2" folder="4"/>      </volumes>
    </database>
  </databases>
</photovault-config>
